# JRE version: OpenJDK Runtime Environment Temurin-25+36 (25.0+36) (build 25+36-LTS)
# Java VM: OpenJDK 64-Bit Server VM Temurin-25+36 (25+36-LTS, mixed mode, sharing, tiered, compressed oops, compressed class ptrs, g1 gc, bsd-aarch64)
Heap:
 garbage-first heap   total reserved 2097152K, committed 133120K, used 60632K [0x0000000780000000, 0x0000000800000000)
  region size 1024K, 50 young (51200K), 4 survivors (4096K)
GC Heap Usage History (8 events):
Event: 70.007 {heap Before GC invocations=0 (full 0):
 garbage-first heap   total reserved 2097152K, committed 133120K, used 66686K [0x0000000780000000, 0x0000000800000000)
  region size 1024K, 47 young (48128K), 0 survivors (0K)
}
Event: 70.017 {heap After GC invocations=1 (full 0):
 garbage-first heap   total reserved 2097152K, committed 133120K, used 22142K [0x0000000780000000, 0x0000000800000000)
  region size 1024K, 4 young (4096K), 4 survivors (4096K)
}
Event: 231.286 {heap Before GC invocations=1 (full 0):
 garbage-first heap   total reserved 2097152K, committed 133120K, used 72318K [0x0000000780000000, 0x0000000800000000)
  region size 1024K, 53 young (54272K), 4 survivors (4096K)
}
Event: 231.293 {heap After GC invocations=2 (full 0):
 garbage-first heap   total reserved 2097152K, committed 133120K, used 14022K [0x0000000780000000, 0x0000000800000000)
  region size 1024K, 4 young (4096K), 4 survivors (4096K)
}
Event: 485.925 {heap Before GC invocations=2 (full 0):
 garbage-first heap   total reserved 2097152K, committed 133120K, used 85702K [0x0000000780000000, 0x0000000800000000)
  region size 1024K, 74 young (75776K), 4 survivors (4096K)
}
Event: 485.945 {heap After GC invocations=3 (full 0):
 garbage-first heap   total reserved 2097152K, committed 133120K, used 13829K [0x0000000780000000, 0x0000000800000000)
  region size 1024K, 4 young (4096K), 4 survivors (4096K)
}
Event: 733.136 {heap Before GC invocations=3 (full 0):
 garbage-first heap   total reserved 2097152K, committed 133120K, used 87557K [0x0000000780000000, 0x0000000800000000)
  region size 1024K, 76 young (77824K), 4 survivors (4096K)
}
Event: 733.152 {heap After GC invocations=4 (full 0):
 garbage-first heap   total reserved 2097152K, committed 133120K, used 14040K [0x0000000780000000, 0x0000000800000000)
  region size 1024K, 4 young (4096K), 4 survivors (4096K)
}

